<?xml version="1.0" encoding="UTF-8"?>
<testsuite xmlns:xsi="http://www.w3.org/2001/XMLSchema-instance" xsi:noNamespaceSchemaLocation="https://maven.apache.org/surefire/maven-surefire-plugin/xsd/surefire-test-report-3.0.xsd" version="3.0" name="runners.SmokeRunner" time="17.964" tests="1" errors="0" skipped="0" failures="0">
  <properties>
[...]
</properties>
  <testcase name="Adding employee and verifying it is stored in database" classname="Add Employee" time="16.389">
    <system-out><![CDATA[
@db
Scenario: Adding employee and verifying it is stored in database # src/test/resources/features/AddEmployee.feature:46
  When user enters valid username and valid password             # steps.LoginSteps.user_enters_valid_username_and_valid_password()
  And user clicks on login button                                # steps.LoginSteps.user_clicks_on_login_button()
Test case is passed
  Then user is successfully logged in                            # steps.LoginSteps.user_is_successfully_logged_in()
  When user clicks on PIM option                                 # steps.AddEmployeeSteps.user_clicks_on_pim_option()
  And user clicks on Add Employee button                         # steps.AddEmployeeSteps.user_clicks_on_add_employee_button()
  And user enter "Lionel" and "Messi"                            # steps.AddEmployeeSteps.user_enter_and(java.lang.String,java.lang.String)
  And user captures employee id                                  # steps.AddEmployeeSteps.user_captures_employee_id()
  And user clicks on save button                                 # steps.AddEmployeeSteps.user_clicks_on_save_button()
Employee Added
  Then employee added successfully                               # steps.AddEmployeeSteps.employee_added_successfully()
select emp_firstname,emp_lastname from hs_hr_employees where employee_id=42354908
[{emp_firstname=Lionel, emp_lastname=Messi}]
  And added employee is displayed in database                    # steps.AddEmployeeSteps.added_employee_is_displayed_in_database()

    Embedding Adding employee and verifying it is stored in database [image/png 109052 bytes]

]]></system-out>
    <system-err><![CDATA[758 [main] INFO io.github.bonigarcia.wdm.WebDriverManager - Using chromedriver 108.0.5359.71 (since Google Chrome 108 is installed in your machine)
795 [main] INFO io.github.bonigarcia.wdm.WebDriverManager - Exporting webdriver.chrome.driver as /Users/puskaruprety/.m2/repository/webdriver/chromedriver/mac64/108.0.5359.71/chromedriver
Starting ChromeDriver 108.0.5359.71 (1e0e3868ee06e91ad636a874420e3ca3ae3756ac-refs/branch-heads/5359@{#1016}) on port 24967
Only local connections are allowed.
Please see https://chromedriver.chromium.org/security-considerations for suggestions on keeping ChromeDriver safe.
ChromeDriver was started successfully.
Jan 09, 2023 9:17:52 PM org.openqa.selenium.remote.ProtocolHandshake createSession
INFO: Detected dialect: W3C
log4j:WARN Continuable parsing error 5 and column 84
log4j:WARN Attribute "xmlns:log4j" with value "https://jakarta.apache.org/log4j/" must have a value of "http://jakarta.apache.org/log4j/".
]]></system-err>
  </testcase>
</testsuite>